This is pdfTeX, Version 3.141592653-2.6-1.40.29 (TeX Live 2026) (preloaded format=pdflatex 2026.3.18)  14 APR 2026 15:52
entering extended mode
 restricted \write18 enabled.
 %&-line parsing enabled.
**\scrollmode

*
(Please type a command or say `\end')
*\documentclass[12pt]{article}

*\let\paperwidthsave\paperwidth\let\paperwidth\undefined
(c:/texlive/2026/texmf-dist/tex/latex/base/article.cls
Document Class: article 2025/01/22 v1.4n Standard LaTeX document class
(c:/texlive/2026/texmf-dist/tex/latex/base/size12.clo
File: size12.clo 2025/01/22 v1.4n Standard LaTeX file (size option)
)
\c@part=\count275
\c@section=\count276
\c@subsection=\count277
\c@subsubsection=\count278
\c@paragraph=\count279
\c@subparagraph=\count280
\c@figure=\count281
\c@table=\count282
\abovecaptionskip=\skip49
\belowcaptionskip=\skip50
\bibindent=\dimen148
)
*\usepackage{graphicx}

*\let\paperwidth\paperwidthsave
(c:/texlive/2026/texmf-dist/tex/latex/graphics/graphicx.sty
Package: graphicx 2024/12/31 v1.2e Enhanced LaTeX Graphics (DPC,SPQR)

(c:/texlive/2026/texmf-dist/tex/latex/graphics/keyval.sty
Package: keyval 2022/05/29 v1.15 key=value parser (DPC)
\KV@toks@=\toks17
)
(c:/texlive/2026/texmf-dist/tex/latex/graphics/graphics.sty
Package: graphics 2024/08/06 v1.4g Standard LaTeX Graphics (DPC,SPQR)

(c:/texlive/2026/texmf-dist/tex/latex/graphics/trig.sty
Package: trig 2023/12/02 v1.11 sin cos tan (DPC)
)
(c:/texlive/2026/texmf-dist/tex/latex/graphics-cfg/graphics.cfg
File: graphics.cfg 2016/06/04 v1.11 sample graphics configuration
)
Package graphics Info: Driver file: pdftex.def on input line 106.

(c:/texlive/2026/texmf-dist/tex/latex/graphics-def/pdftex.def
File: pdftex.def 2025/09/29 v1.2d Graphics/color driver for pdftex
))
\Gin@req@height=\dimen149
\Gin@req@width=\dimen150
)
*\newbox\ASYbox
\ASYbox=\box53

*\newdimen\ASYdimen
\ASYdimen=\dimen151

*\def\ASYprefix{}

*\long\def\ASYbase#1#2{\leavevmode\setbox\ASYbox=\hbox{#1}%\ASYdimen=\ht\ASYbox
%

*\setbox\ASYbox=\hbox{#2}\lower\ASYdimen\box\ASYbox}

*\begin{document}
(c:/texlive/2026/texmf-dist/tex/latex/l3backend/l3backend-pdftex.def
File: l3backend-pdftex.def 2025-10-09 L3 backend support: PDF output (pdfTeX)
\l__color_backend_stack_int=\count283
)
(./texput.aux)
\openout1 = `texput.aux'.

LaTeX Font Info:    Checking defaults for OML/cmm/m/it on input line 0.
LaTeX Font Info:    ... okay on input line 0.
LaTeX Font Info:    Checking defaults for OMS/cmsy/m/n on input line 0.
LaTeX Font Info:    ... okay on input line 0.
LaTeX Font Info:    Checking defaults for OT1/cmr/m/n on input line 0.
LaTeX Font Info:    ... okay on input line 0.
LaTeX Font Info:    Checking defaults for T1/cmr/m/n on input line 0.
LaTeX Font Info:    ... okay on input line 0.
LaTeX Font Info:    Checking defaults for TS1/cmr/m/n on input line 0.
LaTeX Font Info:    ... okay on input line 0.
LaTeX Font Info:    Checking defaults for OMX/cmex/m/n on input line 0.
LaTeX Font Info:    ... okay on input line 0.
LaTeX Font Info:    Checking defaults for U/cmr/m/n on input line 0.
LaTeX Font Info:    ... okay on input line 0.
 (c:/texlive/2026/texmf-dist/tex/context/base/mkii/supp-pdf.mkii
[Loading MPS to PDF converter (version 2006.09.02).]
\scratchcounter=\count284
\scratchdimen=\dimen152
\scratchbox=\box54
\nofMPsegments=\count285
\nofMParguments=\count286
\everyMPshowfont=\toks18
\MPscratchCnt=\count287
\MPscratchDim=\dimen153
\MPnumerator=\count288
\makeMPintoPDFobject=\count289
\everyMPtoPDFconversion=\toks19
) (c:/texlive/2026/texmf-dist/tex/latex/epstopdf-pkg/epstopdf-base.sty
Package: epstopdf-base 2020-01-24 v2.11 Base part for package epstopdf
Package epstopdf-base Info: Redefining graphics rule for `.eps' on input line 4
85.

(c:/texlive/2026/texmf-dist/tex/latex/latexconfig/epstopdf-sys.cfg
File: epstopdf-sys.cfg 2010/07/13 v1.3 Configuration of (r)epstopdf for TeX Liv
e
))
*\makeatletter%

*\let\ASYencoding\f@encoding%

*\let\ASYfamily\f@family%

*\let\ASYseries\f@series%

*\let\ASYshape\f@shape%

*\makeatother%

*\fontsize{30}{36}\selectfont%

LaTeX Font Warning: Font shape `OT1/cmr/m/n' in size <30> not available
(Font)              size <24.88> substituted on input line 0.


*
(Please type a command or say `\end')
*\usefont{\ASYencoding}{\ASYfamily}{\ASYseries}{\ASYshape}%

*
(Please type a command or say `\end')
*\setbox\ASYbox=\hbox{\LARGE RF Cavity}

*
(Please type a command or say `\end')
*\immediate\write16{>dim(\the\wd\ASYbox)dim}
>dim(87.76437pt)dim

*\immediate\write16{>dim(\the\ht\ASYbox)dim}
>dim(14.1694pt)dim

*\immediate\write16{>dim(\the\dp\ASYbox)dim}
>dim(4.0341pt)dim

*\fontsize{30}{36}\selectfont%

*
(Please type a command or say `\end')
*\usefont{\ASYencoding}{\ASYfamily}{\ASYseries}{\ASYshape}%

*
(Please type a command or say `\end')
*\setbox\ASYbox=\hbox{\LARGE Vacuum System}

*
(Please type a command or say `\end')
*\immediate\write16{>dim(\the\wd\ASYbox)dim}
>dim(134.04623pt)dim

*\immediate\write16{>dim(\the\ht\ASYbox)dim}
>dim(14.1694pt)dim

*\immediate\write16{>dim(\the\dp\ASYbox)dim}
>dim(4.0341pt)dim

*\fontsize{30}{36}\selectfont%

*
(Please type a command or say `\end')
*\usefont{\ASYencoding}{\ASYfamily}{\ASYseries}{\ASYshape}%

*
(Please type a command or say `\end')
*\setbox\ASYbox=\hbox{\LARGE High-order-field Magnets}

*
(Please type a command or say `\end')
*\immediate\write16{>dim(\the\wd\ASYbox)dim}
>dim(206.70279pt)dim

*\immediate\write16{>dim(\the\ht\ASYbox)dim}
>dim(14.40277pt)dim

*\immediate\write16{>dim(\the\dp\ASYbox)dim}
>dim(4.0341pt)dim

*\fontsize{30}{36}\selectfont%

*
(Please type a command or say `\end')
*\usefont{\ASYencoding}{\ASYfamily}{\ASYseries}{\ASYshape}%

*
(Please type a command or say `\end')
*\setbox\ASYbox=\hbox{\LARGE Sextupoles, Octupoles}

*
(Please type a command or say `\end')
*\immediate\write16{>dim(\the\wd\ASYbox)dim}
>dim(183.16846pt)dim

*\immediate\write16{>dim(\the\ht\ASYbox)dim}
>dim(14.40277pt)dim

*\immediate\write16{>dim(\the\dp\ASYbox)dim}
>dim(4.0341pt)dim

*\fontsize{30}{36}\selectfont%

*
(Please type a command or say `\end')
*\usefont{\ASYencoding}{\ASYfamily}{\ASYseries}{\ASYshape}%

*
(Please type a command or say `\end')
*\setbox\ASYbox=\hbox{\LARGE Focusing Magnets}

*
(Please type a command or say `\end')
*\immediate\write16{>dim(\the\wd\ASYbox)dim}
>dim(149.41234pt)dim

*\immediate\write16{>dim(\the\ht\ASYbox)dim}
>dim(14.1694pt)dim

*\immediate\write16{>dim(\the\dp\ASYbox)dim}
>dim(4.0341pt)dim

*\fontsize{30}{36}\selectfont%

*
(Please type a command or say `\end')
*\usefont{\ASYencoding}{\ASYfamily}{\ASYseries}{\ASYshape}%

*
(Please type a command or say `\end')
*\setbox\ASYbox=\hbox{\LARGE Quadrupoles}

*
(Please type a command or say `\end')
*\immediate\write16{>dim(\the\wd\ASYbox)dim}
>dim(105.27925pt)dim

*\immediate\write16{>dim(\the\ht\ASYbox)dim}
>dim(14.40277pt)dim

*\immediate\write16{>dim(\the\dp\ASYbox)dim}
>dim(4.0341pt)dim

*\fontsize{30}{36}\selectfont%

*
(Please type a command or say `\end')
*\usefont{\ASYencoding}{\ASYfamily}{\ASYseries}{\ASYshape}%

*
(Please type a command or say `\end')
*\setbox\ASYbox=\hbox{\LARGE Beam Injection}

*
(Please type a command or say `\end')
*\immediate\write16{>dim(\the\wd\ASYbox)dim}
>dim(126.37979pt)dim

*\immediate\write16{>dim(\the\ht\ASYbox)dim}
>dim(14.1694pt)dim

*\immediate\write16{>dim(\the\dp\ASYbox)dim}
>dim(4.0341pt)dim

*\fontsize{30}{36}\selectfont%

*
(Please type a command or say `\end')
*\usefont{\ASYencoding}{\ASYfamily}{\ASYseries}{\ASYshape}%

*
(Please type a command or say `\end')
*\setbox\ASYbox=\hbox{\LARGE Guidance Magnets}

*
(Please type a command or say `\end')
*\immediate\write16{>dim(\the\wd\ASYbox)dim}
>dim(155.13007pt)dim

*\immediate\write16{>dim(\the\ht\ASYbox)dim}
>dim(14.40277pt)dim

*\immediate\write16{>dim(\the\dp\ASYbox)dim}
>dim(4.0341pt)dim

*\fontsize{30}{36}\selectfont%

*
(Please type a command or say `\end')
*\usefont{\ASYencoding}{\ASYfamily}{\ASYseries}{\ASYshape}%

*
(Please type a command or say `\end')
*\setbox\ASYbox=\hbox{\LARGE Dipoles}

*
(Please type a command or say `\end')
*\immediate\write16{>dim(\the\wd\ASYbox)dim}
>dim(61.53958pt)dim

*\immediate\write16{>dim(\the\ht\ASYbox)dim}
>dim(14.40277pt)dim

*\immediate\write16{>dim(\the\dp\ASYbox)dim}
>dim(4.0341pt)dim

*\fontsize{30}{36}\selectfont%

*
(Please type a command or say `\end')
*\usefont{\ASYencoding}{\ASYfamily}{\ASYseries}{\ASYshape}%

*
(Please type a command or say `\end')
*\setbox\ASYbox=\hbox{\LARGE RF Cavity}

*
(Please type a command or say `\end')
*\immediate\write16{>dim(\the\wd\ASYbox)dim}
>dim(87.76437pt)dim

*\immediate\write16{>dim(\the\ht\ASYbox)dim}
>dim(14.1694pt)dim

*\immediate\write16{>dim(\the\dp\ASYbox)dim}
>dim(4.0341pt)dim

*\fontsize{30}{36}\selectfont%

*
(Please type a command or say `\end')
*\usefont{\ASYencoding}{\ASYfamily}{\ASYseries}{\ASYshape}%

*
(Please type a command or say `\end')
*\setbox\ASYbox=\hbox{\LARGE RF Cavity}

*
(Please type a command or say `\end')
*\immediate\write16{>dim(\the\wd\ASYbox)dim}
>dim(87.76437pt)dim

*\immediate\write16{>dim(\the\ht\ASYbox)dim}
>dim(14.1694pt)dim

*\immediate\write16{>dim(\the\dp\ASYbox)dim}
>dim(4.0341pt)dim

*\fontsize{30}{36}\selectfont%

*
(Please type a command or say `\end')
*\usefont{\ASYencoding}{\ASYfamily}{\ASYseries}{\ASYshape}%

*
(Please type a command or say `\end')
*\setbox\ASYbox=\hbox{\LARGE Vacuum System}

*
(Please type a command or say `\end')
*\immediate\write16{>dim(\the\wd\ASYbox)dim}
>dim(134.04623pt)dim

*\immediate\write16{>dim(\the\ht\ASYbox)dim}
>dim(14.1694pt)dim

*\immediate\write16{>dim(\the\dp\ASYbox)dim}
>dim(4.0341pt)dim

*\fontsize{30}{36}\selectfont%

*
(Please type a command or say `\end')
*\usefont{\ASYencoding}{\ASYfamily}{\ASYseries}{\ASYshape}%

*
(Please type a command or say `\end')
*\setbox\ASYbox=\hbox{\LARGE Vacuum System}

*
(Please type a command or say `\end')
*\immediate\write16{>dim(\the\wd\ASYbox)dim}
>dim(134.04623pt)dim

*\immediate\write16{>dim(\the\ht\ASYbox)dim}
>dim(14.1694pt)dim

*\immediate\write16{>dim(\the\dp\ASYbox)dim}
>dim(4.0341pt)dim

*\fontsize{30}{36}\selectfont%

*
(Please type a command or say `\end')
*\usefont{\ASYencoding}{\ASYfamily}{\ASYseries}{\ASYshape}%

*
(Please type a command or say `\end')
*\setbox\ASYbox=\hbox{\LARGE High-order-field Magnets}

*
(Please type a command or say `\end')
*\immediate\write16{>dim(\the\wd\ASYbox)dim}
>dim(206.70279pt)dim

*\immediate\write16{>dim(\the\ht\ASYbox)dim}
>dim(14.40277pt)dim

*\immediate\write16{>dim(\the\dp\ASYbox)dim}
>dim(4.0341pt)dim

*\fontsize{30}{36}\selectfont%

*
(Please type a command or say `\end')
*\usefont{\ASYencoding}{\ASYfamily}{\ASYseries}{\ASYshape}%

*
(Please type a command or say `\end')
*\setbox\ASYbox=\hbox{\LARGE High-order-field Magnets}

*
(Please type a command or say `\end')
*\immediate\write16{>dim(\the\wd\ASYbox)dim}
>dim(206.70279pt)dim

*\immediate\write16{>dim(\the\ht\ASYbox)dim}
>dim(14.40277pt)dim

*\immediate\write16{>dim(\the\dp\ASYbox)dim}
>dim(4.0341pt)dim

*\fontsize{30}{36}\selectfont%

*
(Please type a command or say `\end')
*\usefont{\ASYencoding}{\ASYfamily}{\ASYseries}{\ASYshape}%

*
(Please type a command or say `\end')
*\setbox\ASYbox=\hbox{\LARGE Sextupoles, Octupoles}

*
(Please type a command or say `\end')
*\immediate\write16{>dim(\the\wd\ASYbox)dim}
>dim(183.16846pt)dim

*\immediate\write16{>dim(\the\ht\ASYbox)dim}
>dim(14.40277pt)dim

*\immediate\write16{>dim(\the\dp\ASYbox)dim}
>dim(4.0341pt)dim

*\fontsize{30}{36}\selectfont%

*
(Please type a command or say `\end')
*\usefont{\ASYencoding}{\ASYfamily}{\ASYseries}{\ASYshape}%

*
(Please type a command or say `\end')
*\setbox\ASYbox=\hbox{\LARGE Sextupoles, Octupoles}

*
(Please type a command or say `\end')
*\immediate\write16{>dim(\the\wd\ASYbox)dim}
>dim(183.16846pt)dim

*\immediate\write16{>dim(\the\ht\ASYbox)dim}
>dim(14.40277pt)dim

*\immediate\write16{>dim(\the\dp\ASYbox)dim}
>dim(4.0341pt)dim

*\fontsize{30}{36}\selectfont%

*
(Please type a command or say `\end')
*\usefont{\ASYencoding}{\ASYfamily}{\ASYseries}{\ASYshape}%

*
(Please type a command or say `\end')
*\setbox\ASYbox=\hbox{\LARGE Focusing Magnets}

*
(Please type a command or say `\end')
*\immediate\write16{>dim(\the\wd\ASYbox)dim}
>dim(149.41234pt)dim

*\immediate\write16{>dim(\the\ht\ASYbox)dim}
>dim(14.1694pt)dim

*\immediate\write16{>dim(\the\dp\ASYbox)dim}
>dim(4.0341pt)dim

*\fontsize{30}{36}\selectfont%

*
(Please type a command or say `\end')
*\usefont{\ASYencoding}{\ASYfamily}{\ASYseries}{\ASYshape}%

*
(Please type a command or say `\end')
*\setbox\ASYbox=\hbox{\LARGE Focusing Magnets}

*
(Please type a command or say `\end')
*\immediate\write16{>dim(\the\wd\ASYbox)dim}
>dim(149.41234pt)dim

*\immediate\write16{>dim(\the\ht\ASYbox)dim}
>dim(14.1694pt)dim

*\immediate\write16{>dim(\the\dp\ASYbox)dim}
>dim(4.0341pt)dim

*\fontsize{30}{36}\selectfont%

*
(Please type a command or say `\end')
*\usefont{\ASYencoding}{\ASYfamily}{\ASYseries}{\ASYshape}%

*
(Please type a command or say `\end')
*\setbox\ASYbox=\hbox{\LARGE Quadrupoles}

*
(Please type a command or say `\end')
*\immediate\write16{>dim(\the\wd\ASYbox)dim}
>dim(105.27925pt)dim

*\immediate\write16{>dim(\the\ht\ASYbox)dim}
>dim(14.40277pt)dim

*\immediate\write16{>dim(\the\dp\ASYbox)dim}
>dim(4.0341pt)dim

*\fontsize{30}{36}\selectfont%

*
(Please type a command or say `\end')
*\usefont{\ASYencoding}{\ASYfamily}{\ASYseries}{\ASYshape}%

*
(Please type a command or say `\end')
*\setbox\ASYbox=\hbox{\LARGE Quadrupoles}

*
(Please type a command or say `\end')
*\immediate\write16{>dim(\the\wd\ASYbox)dim}
>dim(105.27925pt)dim

*\immediate\write16{>dim(\the\ht\ASYbox)dim}
>dim(14.40277pt)dim

*\immediate\write16{>dim(\the\dp\ASYbox)dim}
>dim(4.0341pt)dim

*\fontsize{30}{36}\selectfont%

*
(Please type a command or say `\end')
*\usefont{\ASYencoding}{\ASYfamily}{\ASYseries}{\ASYshape}%

*
(Please type a command or say `\end')
*\setbox\ASYbox=\hbox{\LARGE Beam Injection}

*
(Please type a command or say `\end')
*\immediate\write16{>dim(\the\wd\ASYbox)dim}
>dim(126.37979pt)dim

*\immediate\write16{>dim(\the\ht\ASYbox)dim}
>dim(14.1694pt)dim

*\immediate\write16{>dim(\the\dp\ASYbox)dim}
>dim(4.0341pt)dim

*\fontsize{30}{36}\selectfont%

*
(Please type a command or say `\end')
*\usefont{\ASYencoding}{\ASYfamily}{\ASYseries}{\ASYshape}%

*
(Please type a command or say `\end')
*\setbox\ASYbox=\hbox{\LARGE Beam Injection}

*
(Please type a command or say `\end')
*\immediate\write16{>dim(\the\wd\ASYbox)dim}
>dim(126.37979pt)dim

*\immediate\write16{>dim(\the\ht\ASYbox)dim}
>dim(14.1694pt)dim

*\immediate\write16{>dim(\the\dp\ASYbox)dim}
>dim(4.0341pt)dim

*\fontsize{30}{36}\selectfont%

*
(Please type a command or say `\end')
*\usefont{\ASYencoding}{\ASYfamily}{\ASYseries}{\ASYshape}%

*
(Please type a command or say `\end')
*\setbox\ASYbox=\hbox{\LARGE Guidance Magnets}

*
(Please type a command or say `\end')
*\immediate\write16{>dim(\the\wd\ASYbox)dim}
>dim(155.13007pt)dim

*\immediate\write16{>dim(\the\ht\ASYbox)dim}
>dim(14.40277pt)dim

*\immediate\write16{>dim(\the\dp\ASYbox)dim}
>dim(4.0341pt)dim

*\fontsize{30}{36}\selectfont%

*
(Please type a command or say `\end')
*\usefont{\ASYencoding}{\ASYfamily}{\ASYseries}{\ASYshape}%

*
(Please type a command or say `\end')
*\setbox\ASYbox=\hbox{\LARGE Guidance Magnets}

*
(Please type a command or say `\end')
*\immediate\write16{>dim(\the\wd\ASYbox)dim}
>dim(155.13007pt)dim

*\immediate\write16{>dim(\the\ht\ASYbox)dim}
>dim(14.40277pt)dim

*\immediate\write16{>dim(\the\dp\ASYbox)dim}
>dim(4.0341pt)dim

*\fontsize{30}{36}\selectfont%

*
(Please type a command or say `\end')
*\usefont{\ASYencoding}{\ASYfamily}{\ASYseries}{\ASYshape}%

*
(Please type a command or say `\end')
*\setbox\ASYbox=\hbox{\LARGE Dipoles}

*
(Please type a command or say `\end')
*\immediate\write16{>dim(\the\wd\ASYbox)dim}
>dim(61.53958pt)dim

*\immediate\write16{>dim(\the\ht\ASYbox)dim}
>dim(14.40277pt)dim

*\immediate\write16{>dim(\the\dp\ASYbox)dim}
>dim(4.0341pt)dim

*\fontsize{30}{36}\selectfont%

*
(Please type a command or say `\end')
*\usefont{\ASYencoding}{\ASYfamily}{\ASYseries}{\ASYshape}%

*
(Please type a command or say `\end')
*\setbox\ASYbox=\hbox{\LARGE Dipoles}

*
(Please type a command or say `\end')
*\immediate\write16{>dim(\the\wd\ASYbox)dim}
>dim(61.53958pt)dim

*\immediate\write16{>dim(\the\ht\ASYbox)dim}
>dim(14.40277pt)dim
